<?xml version="1.0" encoding="UTF-8"?>
<!-- Generated by org.testng.reporters.JUnitReportReporter -->
<testsuite hostname="DESKTOP-57ECHB1" name="firstexcel.excel.exccel" tests="1" failures="0" timestamp="15 Jul 2017 17:59:15 GMT" time="74.995" errors="0">
  <testcase name="fun1" time="74.995" classname="firstexcel.excel.exccel"/>
</testsuite> <!-- firstexcel.excel.exccel -->
