<?xml version="1.0" encoding="UTF-8"?>
<!-- Generated by org.testng.reporters.JUnitReportReporter -->
<testsuite hostname="DESKTOP-57ECHB1" name="pro1.pro2.test1" tests="2" failures="0" timestamp="17 Apr 2017 05:15:19 GMT" time="0.065" errors="0">
  <testcase name="test11" time="0.026" classname="pro1.pro2.test1"/>
  <testcase name="test1" time="0.039" classname="pro1.pro2.test1"/>
</testsuite> <!-- pro1.pro2.test1 -->
