<?xml version="1.0" encoding="UTF-8"?>
<!-- Generated by org.testng.reporters.JUnitReportReporter -->
<testsuite hostname="DESKTOP-57ECHB1" name="pro1.pro2.localhost" tests="1" failures="0" timestamp="30 Apr 2017 17:59:35 GMT" time="103.329" errors="0">
  <testcase name="f2" time="103.329" classname="pro1.pro2.localhost"/>
</testsuite> <!-- pro1.pro2.localhost -->
