<?xml version="1.0" encoding="UTF-8"?>
<!-- Generated by org.testng.reporters.JUnitReportReporter -->
<testsuite hostname="DESKTOP-57ECHB1" name="pro1.pro2.test2" tests="2" failures="0" timestamp="28 Apr 2017 19:35:12 GMT" time="48.573" errors="0">
  <testcase name="f1" time="31.483" classname="pro1.pro2.test2"/>
  <testcase name="f2" time="17.090" classname="pro1.pro2.test2"/>
</testsuite> <!-- pro1.pro2.test2 -->
