<?xml version="1.0" encoding="UTF-8"?>
<!-- Generated by org.testng.reporters.JUnitReportReporter -->
<testsuite hostname="DESKTOP-57ECHB1" name="snspanel.loginscript" tests="1" failures="0" timestamp="29 May 2017 17:20:10 GMT" time="19.034" errors="0">
  <testcase name="f1" time="19.034" classname="snspanel.loginscript"/>
</testsuite> <!-- snspanel.loginscript -->
