<?xml version="1.0" encoding="UTF-8"?>
<!-- Generated by org.testng.reporters.JUnitReportReporter -->
<testsuite hostname="DESKTOP-57ECHB1" name="pro1.prjct1.Test2" tests="1" failures="0" timestamp="26 Apr 2017 07:53:55 GMT" time="0.010" errors="1">
  <testcase name="datetime" time="0.010" classname="pro1.prjct1.Test2">
    <error type="org.openqa.selenium.WebDriverException" message="Failed to connect to binary FirefoxBinary(C:\Program Files (x86)\Mozilla Firefox\firefox.exe) on port 7055; process output follows: 
istering manifest for C:\Program Files (x86)\Mozilla Firefox\browser\features\e10srollout@mozilla.org.xpi
1493193190869	addons.xpi	DEBUG	Calling bootstrap method startup on e10srollout@mozilla.org version 1.0
1493193190869	addons.xpi	DEBUG	Registering manifest for C:\Program Files (x86)\Mozilla Firefox\browser\features\firefox@getpocket.com.xpi
1493193190869	addons.xpi	DEBUG	Calling bootstrap method startup on firefox@getpocket.com version 1.0.2
1493193190871	addons.xpi	DEBUG	Registering manifest for C:\Program Files (x86)\Mozilla Firefox\browser\features\loop@mozilla.org.xpi
1493193190871	addons.xpi	DEBUG	Calling bootstrap method startup on loop@mozilla.org version 1.3.2
1493193190896	addons.xpi	DEBUG	Registering manifest for C:\Program Files (x86)\Mozilla Firefox\browser\features\websensehelper@mozilla.org.xpi
1493193190897	addons.xpi	DEBUG	Calling bootstrap method startup on websensehelper@mozilla.org version 1.0
1493193190901	addons.manager	DEBUG	Registering shutdown blocker for XPIProvider
1493193190901	addons.manager	DEBUG	Provider finished startup: XPIProvider
1493193190901	addons.manager	DEBUG	Starting provider: LightweightThemeManager
1493193190901	addons.manager	DEBUG	Registering shutdown blocker for LightweightThemeManager
1493193190902	addons.manager	DEBUG	Provider finished startup: LightweightThemeManager
1493193190902	addons.manager	DEBUG	Starting provider: GMPProvider
1493193190910	addons.manager	DEBUG	Registering shutdown blocker for GMPProvider
1493193190910	addons.manager	DEBUG	Provider finished startup: GMPProvider
1493193190910	addons.manager	DEBUG	Starting provider: PluginProvider
1493193190911	addons.manager	DEBUG	Registering shutdown blocker for PluginProvider
1493193190911	addons.manager	DEBUG	Provider finished startup: PluginProvider
1493193190912	addons.manager	DEBUG	Completed startup sequence
1493193192777	DeferredSave.extensions.json	DEBUG	Starting write
1493193192785	addons.manager	DEBUG	Starting provider: &lt;unnamed-provider&gt;
1493193192785	addons.manager	DEBUG	Registering shutdown blocker for &lt;unnamed-provider&gt;
1493193192785	addons.manager	DEBUG	Provider finished startup: &lt;unnamed-provider&gt;
1493193193228	addons.repository	DEBUG	No addons.json found.
1493193193229	DeferredSave.addons.json	DEBUG	Save changes
1493193193231	DeferredSave.addons.json	DEBUG	Starting timer
1493193193262	addons.manager	DEBUG	Starting provider: PreviousExperimentProvider
1493193193263	addons.manager	DEBUG	Registering shutdown blocker for PreviousExperimentProvider
1493193193263	addons.manager	DEBUG	Provider finished startup: PreviousExperimentProvider
1493193193266	DeferredSave.extensions.json	DEBUG	Write succeeded
1493193193266	addons.xpi-utils	DEBUG	XPI Database saved, setting schema version preference to 17
1493193193291	DeferredSave.addons.json	DEBUG	Starting write
1493193193303	DeferredSave.addons.json	DEBUG	Write succeeded
1493193203540	addons.xpi	DEBUG	Calling bootstrap method shutdown on e10srollout@mozilla.org version 1.0
1493193203541	addons.xpi	DEBUG	Calling bootstrap method shutdown on firefox@getpocket.com version 1.0.2
1493193203541	addons.xpi	DEBUG	Calling bootstrap method shutdown on loop@mozilla.org version 1.3.2
1493193203544	addons.xpi	DEBUG	Calling bootstrap method shutdown on websensehelper@mozilla.org version 1.0
1493193203882	addons.manager	DEBUG	shutdown
1493193203883	addons.manager	DEBUG	Calling shutdown blocker for XPIProvider
1493193203883	addons.xpi	DEBUG	shutdown
1493193203884	addons.xpi-utils	DEBUG	shutdown
1493193203885	addons.manager	DEBUG	Calling shutdown blocker for LightweightThemeManager
1493193203886	addons.manager	DEBUG	Calling shutdown blocker for GMPProvider
1493193203889	addons.manager	DEBUG	Calling shutdown blocker for PluginProvider
1493193203890	addons.manager	DEBUG	Calling shutdown blocker for &lt;unnamed-provider&gt;
1493193203892	addons.manager	DEBUG	Calling shutdown blocker for PreviousExperimentProvider
1493193203896	addons.xpi	DEBUG	Notifying XPI shutdown observers
1493193203901	addons.manager	DEBUG	Async provider shutdown done

Build info: version: &#039;2.52.0&#039;, revision: &#039;4c2593c&#039;, time: &#039;2016-02-11 19:06:42&#039;
System info: host: &#039;DESKTOP-57ECHB1&#039;, ip: &#039;192.168.1.67&#039;, os.name: &#039;Windows 10&#039;, os.arch: &#039;amd64&#039;, os.version: &#039;10.0&#039;, java.version: &#039;1.8.0_60&#039;
Driver info: driver.version: FirefoxDriver">
      <![CDATA[org.openqa.selenium.WebDriverException: Failed to connect to binary FirefoxBinary(C:\Program Files (x86)\Mozilla Firefox\firefox.exe) on port 7055; process output follows: 
istering manifest for C:\Program Files (x86)\Mozilla Firefox\browser\features\e10srollout@mozilla.org.xpi
1493193190869	addons.xpi	DEBUG	Calling bootstrap method startup on e10srollout@mozilla.org version 1.0
1493193190869	addons.xpi	DEBUG	Registering manifest for C:\Program Files (x86)\Mozilla Firefox\browser\features\firefox@getpocket.com.xpi
1493193190869	addons.xpi	DEBUG	Calling bootstrap method startup on firefox@getpocket.com version 1.0.2
1493193190871	addons.xpi	DEBUG	Registering manifest for C:\Program Files (x86)\Mozilla Firefox\browser\features\loop@mozilla.org.xpi
1493193190871	addons.xpi	DEBUG	Calling bootstrap method startup on loop@mozilla.org version 1.3.2
1493193190896	addons.xpi	DEBUG	Registering manifest for C:\Program Files (x86)\Mozilla Firefox\browser\features\websensehelper@mozilla.org.xpi
1493193190897	addons.xpi	DEBUG	Calling bootstrap method startup on websensehelper@mozilla.org version 1.0
1493193190901	addons.manager	DEBUG	Registering shutdown blocker for XPIProvider
1493193190901	addons.manager	DEBUG	Provider finished startup: XPIProvider
1493193190901	addons.manager	DEBUG	Starting provider: LightweightThemeManager
1493193190901	addons.manager	DEBUG	Registering shutdown blocker for LightweightThemeManager
1493193190902	addons.manager	DEBUG	Provider finished startup: LightweightThemeManager
1493193190902	addons.manager	DEBUG	Starting provider: GMPProvider
1493193190910	addons.manager	DEBUG	Registering shutdown blocker for GMPProvider
1493193190910	addons.manager	DEBUG	Provider finished startup: GMPProvider
1493193190910	addons.manager	DEBUG	Starting provider: PluginProvider
1493193190911	addons.manager	DEBUG	Registering shutdown blocker for PluginProvider
1493193190911	addons.manager	DEBUG	Provider finished startup: PluginProvider
1493193190912	addons.manager	DEBUG	Completed startup sequence
1493193192777	DeferredSave.extensions.json	DEBUG	Starting write
1493193192785	addons.manager	DEBUG	Starting provider: <unnamed-provider>
1493193192785	addons.manager	DEBUG	Registering shutdown blocker for <unnamed-provider>
1493193192785	addons.manager	DEBUG	Provider finished startup: <unnamed-provider>
1493193193228	addons.repository	DEBUG	No addons.json found.
1493193193229	DeferredSave.addons.json	DEBUG	Save changes
1493193193231	DeferredSave.addons.json	DEBUG	Starting timer
1493193193262	addons.manager	DEBUG	Starting provider: PreviousExperimentProvider
1493193193263	addons.manager	DEBUG	Registering shutdown blocker for PreviousExperimentProvider
1493193193263	addons.manager	DEBUG	Provider finished startup: PreviousExperimentProvider
1493193193266	DeferredSave.extensions.json	DEBUG	Write succeeded
1493193193266	addons.xpi-utils	DEBUG	XPI Database saved, setting schema version preference to 17
1493193193291	DeferredSave.addons.json	DEBUG	Starting write
1493193193303	DeferredSave.addons.json	DEBUG	Write succeeded
1493193203540	addons.xpi	DEBUG	Calling bootstrap method shutdown on e10srollout@mozilla.org version 1.0
1493193203541	addons.xpi	DEBUG	Calling bootstrap method shutdown on firefox@getpocket.com version 1.0.2
1493193203541	addons.xpi	DEBUG	Calling bootstrap method shutdown on loop@mozilla.org version 1.3.2
1493193203544	addons.xpi	DEBUG	Calling bootstrap method shutdown on websensehelper@mozilla.org version 1.0
1493193203882	addons.manager	DEBUG	shutdown
1493193203883	addons.manager	DEBUG	Calling shutdown blocker for XPIProvider
1493193203883	addons.xpi	DEBUG	shutdown
1493193203884	addons.xpi-utils	DEBUG	shutdown
1493193203885	addons.manager	DEBUG	Calling shutdown blocker for LightweightThemeManager
1493193203886	addons.manager	DEBUG	Calling shutdown blocker for GMPProvider
1493193203889	addons.manager	DEBUG	Calling shutdown blocker for PluginProvider
1493193203890	addons.manager	DEBUG	Calling shutdown blocker for <unnamed-provider>
1493193203892	addons.manager	DEBUG	Calling shutdown blocker for PreviousExperimentProvider
1493193203896	addons.xpi	DEBUG	Notifying XPI shutdown observers
1493193203901	addons.manager	DEBUG	Async provider shutdown done

Build info: version: '2.52.0', revision: '4c2593c', time: '2016-02-11 19:06:42'
System info: host: 'DESKTOP-57ECHB1', ip: '192.168.1.67', os.name: 'Windows 10', os.arch: 'amd64', os.version: '10.0', java.version: '1.8.0_60'
Driver info: driver.version: FirefoxDriver
	at org.openqa.selenium.firefox.internal.NewProfileExtensionConnection.start(NewProfileExtensionConnection.java:124)
	at org.openqa.selenium.firefox.FirefoxDriver.startClient(FirefoxDriver.java:271)
	at org.openqa.selenium.remote.RemoteWebDriver.<init>(RemoteWebDriver.java:119)
	at org.openqa.selenium.firefox.FirefoxDriver.<init>(FirefoxDriver.java:218)
	at org.openqa.selenium.firefox.FirefoxDriver.<init>(FirefoxDriver.java:211)
	at org.openqa.selenium.firefox.FirefoxDriver.<init>(FirefoxDriver.java:207)
	at org.openqa.selenium.firefox.FirefoxDriver.<init>(FirefoxDriver.java:120)
	at Basepkg.Baseclass.launch(Baseclass.java:16)
	at sun.reflect.NativeMethodAccessorImpl.invoke0(Native Method)
	at sun.reflect.NativeMethodAccessorImpl.invoke(Unknown Source)
	at sun.reflect.DelegatingMethodAccessorImpl.invoke(Unknown Source)
	at java.lang.reflect.Method.invoke(Unknown Source)
	at org.testng.internal.MethodInvocationHelper.invokeMethod(MethodInvocationHelper.java:85)
	at org.testng.internal.Invoker.invokeConfigurationMethod(Invoker.java:510)
	at org.testng.internal.Invoker.invokeConfigurations(Invoker.java:211)
	at org.testng.internal.Invoker.invokeConfigurations(Invoker.java:138)
	at org.testng.TestRunner.beforeRun(TestRunner.java:648)
	at org.testng.TestRunner.run(TestRunner.java:616)
	at org.testng.SuiteRunner.runTest(SuiteRunner.java:359)
	at org.testng.SuiteRunner.runSequentially(SuiteRunner.java:354)
	at org.testng.SuiteRunner.privateRun(SuiteRunner.java:312)
	at org.testng.SuiteRunner.run(SuiteRunner.java:261)
	at org.testng.SuiteRunnerWorker.runSuite(SuiteRunnerWorker.java:52)
	at org.testng.SuiteRunnerWorker.run(SuiteRunnerWorker.java:86)
	at org.testng.TestNG.runSuitesSequentially(TestNG.java:1215)
	at org.testng.TestNG.runSuitesLocally(TestNG.java:1140)
	at org.testng.TestNG.run(TestNG.java:1048)
	at org.testng.remote.AbstractRemoteTestNG.run(AbstractRemoteTestNG.java:132)
	at org.testng.remote.RemoteTestNG.initAndRun(RemoteTestNG.java:230)
	at org.testng.remote.RemoteTestNG.main(RemoteTestNG.java:76)
Caused by: org.openqa.selenium.firefox.NotConnectedException: Unable to connect to host 127.0.0.1 on port 7055 after 45000 ms. Firefox console output:
istering manifest for C:\Program Files (x86)\Mozilla Firefox\browser\features\e10srollout@mozilla.org.xpi
1493193190869	addons.xpi	DEBUG	Calling bootstrap method startup on e10srollout@mozilla.org version 1.0
1493193190869	addons.xpi	DEBUG	Registering manifest for C:\Program Files (x86)\Mozilla Firefox\browser\features\firefox@getpocket.com.xpi
1493193190869	addons.xpi	DEBUG	Calling bootstrap method startup on firefox@getpocket.com version 1.0.2
1493193190871	addons.xpi	DEBUG	Registering manifest for C:\Program Files (x86)\Mozilla Firefox\browser\features\loop@mozilla.org.xpi
1493193190871	addons.xpi	DEBUG	Calling bootstrap method startup on loop@mozilla.org version 1.3.2
1493193190896	addons.xpi	DEBUG	Registering manifest for C:\Program Files (x86)\Mozilla Firefox\browser\features\websensehelper@mozilla.org.xpi
1493193190897	addons.xpi	DEBUG	Calling bootstrap method startup on websensehelper@mozilla.org version 1.0
1493193190901	addons.manager	DEBUG	Registering shutdown blocker for XPIProvider
1493193190901	addons.manager	DEBUG	Provider finished startup: XPIProvider
1493193190901	addons.manager	DEBUG	Starting provider: LightweightThemeManager
1493193190901	addons.manager	DEBUG	Registering shutdown blocker for LightweightThemeManager
1493193190902	addons.manager	DEBUG	Provider finished startup: LightweightThemeManager
1493193190902	addons.manager	DEBUG	Starting provider: GMPProvider
1493193190910	addons.manager	DEBUG	Registering shutdown blocker for GMPProvider
1493193190910	addons.manager	DEBUG	Provider finished startup: GMPProvider
1493193190910	addons.manager	DEBUG	Starting provider: PluginProvider
1493193190911	addons.manager	DEBUG	Registering shutdown blocker for PluginProvider
1493193190911	addons.manager	DEBUG	Provider finished startup: PluginProvider
1493193190912	addons.manager	DEBUG	Completed startup sequence
1493193192777	DeferredSave.extensions.json	DEBUG	Starting write
1493193192785	addons.manager	DEBUG	Starting provider: <unnamed-provider>
1493193192785	addons.manager	DEBUG	Registering shutdown blocker for <unnamed-provider>
1493193192785	addons.manager	DEBUG	Provider finished startup: <unnamed-provider>
1493193193228	addons.repository	DEBUG	No addons.json found.
1493193193229	DeferredSave.addons.json	DEBUG	Save changes
1493193193231	DeferredSave.addons.json	DEBUG	Starting timer
1493193193262	addons.manager	DEBUG	Starting provider: PreviousExperimentProvider
1493193193263	addons.manager	DEBUG	Registering shutdown blocker for PreviousExperimentProvider
1493193193263	addons.manager	DEBUG	Provider finished startup: PreviousExperimentProvider
1493193193266	DeferredSave.extensions.json	DEBUG	Write succeeded
1493193193266	addons.xpi-utils	DEBUG	XPI Database saved, setting schema version preference to 17
1493193193291	DeferredSave.addons.json	DEBUG	Starting write
1493193193303	DeferredSave.addons.json	DEBUG	Write succeeded
1493193203540	addons.xpi	DEBUG	Calling bootstrap method shutdown on e10srollout@mozilla.org version 1.0
1493193203541	addons.xpi	DEBUG	Calling bootstrap method shutdown on firefox@getpocket.com version 1.0.2
1493193203541	addons.xpi	DEBUG	Calling bootstrap method shutdown on loop@mozilla.org version 1.3.2
1493193203544	addons.xpi	DEBUG	Calling bootstrap method shutdown on websensehelper@mozilla.org version 1.0
1493193203882	addons.manager	DEBUG	shutdown
1493193203883	addons.manager	DEBUG	Calling shutdown blocker for XPIProvider
1493193203883	addons.xpi	DEBUG	shutdown
1493193203884	addons.xpi-utils	DEBUG	shutdown
1493193203885	addons.manager	DEBUG	Calling shutdown blocker for LightweightThemeManager
1493193203886	addons.manager	DEBUG	Calling shutdown blocker for GMPProvider
1493193203889	addons.manager	DEBUG	Calling shutdown blocker for PluginProvider
1493193203890	addons.manager	DEBUG	Calling shutdown blocker for <unnamed-provider>
1493193203892	addons.manager	DEBUG	Calling shutdown blocker for PreviousExperimentProvider
1493193203896	addons.xpi	DEBUG	Notifying XPI shutdown observers
1493193203901	addons.manager	DEBUG	Async provider shutdown done

	at org.openqa.selenium.firefox.internal.NewProfileExtensionConnection.start(NewProfileExtensionConnection.java:112)
	... 29 more
]]>
    </error>
  </testcase> <!-- datetime -->
</testsuite> <!-- pro1.prjct1.Test2 -->
