<?xml version="1.0" encoding="UTF-8"?>
<!-- Generated by org.testng.reporters.JUnitReportReporter -->
<testsuite hostname="DESKTOP-57ECHB1" name="com.QUTrust2.com.QUTrust2.compati" tests="1" failures="0" timestamp="28 Apr 2017 08:15:37 GMT" time="0.000" errors="0">
  <testcase name="ie" time="0.000" classname="com.QUTrust2.com.QUTrust2.compati"/>
</testsuite> <!-- com.QUTrust2.com.QUTrust2.compati -->
