<?xml version="1.0" encoding="UTF-8"?>
<!-- Generated by org.testng.reporters.JUnitReportReporter -->
<testsuite hostname="DESKTOP-57ECHB1" name="com.QUTrust2.com.QUTrust2.fb" tests="1" failures="0" timestamp="27 Apr 2017 12:13:32 GMT" time="21.548" errors="0">
  <testcase name="fblogin" time="21.548" classname="com.QUTrust2.com.QUTrust2.fb"/>
</testsuite> <!-- com.QUTrust2.com.QUTrust2.fb -->
