<?xml version="1.0" encoding="UTF-8"?>
<!-- Generated by org.testng.reporters.JUnitReportReporter -->
<testsuite skipped="0" hostname="DESKTOP-57ECHB1" name="QutrustPanel.QutrustPanel.ScreenshootGoogle" tests="1" failures="0" timestamp="20 Jun 2017 05:47:46 GMT" time="33.827" errors="0">
  <testcase name="TestJavaS1" time="33.827" classname="QutrustPanel.QutrustPanel.ScreenshootGoogle"/>
</testsuite> <!-- QutrustPanel.QutrustPanel.ScreenshootGoogle -->
