<?xml version="1.0" encoding="UTF-8"?>
<!-- Generated by org.testng.reporters.JUnitReportReporter -->
<testsuite hostname="Abdul-kalam-PC" name="com.QUTrust.QUTrust.FirstProject" tests="2" failures="0" timestamp="29 Mar 2017 06:51:14 GMT" time="7.852" errors="0">
  <testcase name="loginValid" time="6.608" classname="com.QUTrust.QUTrust.FirstProject"/>
  <testcase name="InvalidValid" time="1.244" classname="com.QUTrust.QUTrust.FirstProject"/>
</testsuite> <!-- com.QUTrust.QUTrust.FirstProject -->
